[{u'alert': u'Cookie No HttpOnly Flag',
  u'attack': u'',
  u'confidence': u'Medium',
  u'cweid': u'16',
  u'description': u'A cookie has been set without the HttpOnly flag, which means that the cookie can be accessed by JavaScript. If a malicious script can be run on this page then the cookie will be accessible and can be transmitted to another site. If this is a session cookie then session hijacking may be possible.',
  u'evidence': u'Set-Cookie: PHPSESSID',
  u'id': u'0',
  u'messageId': u'1',
  u'name': u'Cookie No HttpOnly Flag',
  u'other': u'',
  u'param': u'PHPSESSID',
  u'pluginId': u'10010',
  u'reference': u'http://www.owasp.org/index.php/HttpOnly',
  u'risk': u'Low',
  u'solution': u'Ensure that the HttpOnly flag is set for all cookies.',
  u'url': u'http://192.168.1.115/bWAPP/login.php',
  u'wascid': u'13'},
 {u'alert': u'Web Browser XSS Protection Not Enabled',
  u'attack': u'',
  u'confidence': u'Medium',
  u'cweid': u'933',
  u'description': u"Web Browser XSS Protection is not enabled, or is disabled by the configuration of the 'X-XSS-Protection' HTTP response header on the web server",
  u'evidence': u'',
  u'id': u'1',
  u'messageId': u'1',
  u'name': u'Web Browser XSS Protection Not Enabled',
  u'other': u"The X-XSS-Protection HTTP response header allows the web server to enable or disable the web browser's XSS protection mechanism. The following values would attempt to enable it: \nX-XSS-Protection: 1; mode=block\nX-XSS-Protection: 1; report=http://www.example.com/xss\nThe following values would disable it:\nX-XSS-Protection: 0\nThe X-XSS-Protection HTTP response header is currently supported on Internet Explorer, Chrome and Safari (WebKit).\nNote that this alert is only raised if the response body could potentially contain an XSS payload (with a text-based content type, with a non-zero length).",
  u'param': u'X-XSS-Protection',
  u'pluginId': u'10016',
  u'reference': u'https://www.owasp.org/index.php/XSS_(Cross_Site_Scripting)_Prevention_Cheat_Sheet\nhttps://blog.veracode.com/2014/03/guidelines-for-setting-security-headers/',
  u'risk': u'Low',
  u'solution': u"Ensure that the web browser's XSS filter is enabled, by setting the X-XSS-Protection HTTP response header to '1'.",
  u'url': u'http://192.168.1.115/bWAPP/login.php',
  u'wascid': u'14'},
 {u'alert': u'X-Content-Type-Options Header Missing',
  u'attack': u'',
  u'confidence': u'Medium',
  u'cweid': u'16',
  u'description': u"The Anti-MIME-Sniffing header X-Content-Type-Options was not set to 'nosniff'. This allows older versions of Internet Explorer and Chrome to perform MIME-sniffing on the response body, potentially causing the response body to be interpreted and displayed as a content type other than the declared content type. Current (early 2014) and legacy versions of Firefox will use the declared content type (if one is set), rather than performing MIME-sniffing.",
  u'evidence': u'',
  u'id': u'2',
  u'messageId': u'1',
  u'name': u'X-Content-Type-Options Header Missing',
  u'other': u'This issue still applies to error type pages (401, 403, 500, etc) as those pages are often still affected by injection issues, in which case there is still concern for browsers sniffing pages away from their actual content type.\nAt "High" threshold this scanner will not alert on client or server error responses.',
  u'param': u'X-Content-Type-Options',
  u'pluginId': u'10021',
  u'reference': u'http://msdn.microsoft.com/en-us/library/ie/gg622941%28v=vs.85%29.aspx\nhttps://www.owasp.org/index.php/List_of_useful_HTTP_headers',
  u'risk': u'Low',
  u'solution': u"Ensure that the application/web server sets the Content-Type header appropriately, and that it sets the X-Content-Type-Options header to 'nosniff' for all web pages.\nIf possible, ensure that the end user uses a standards-compliant and modern web browser that does not perform MIME-sniffing at all, or that can be directed by the web application/web server to not perform MIME-sniffing.",
  u'url': u'http://192.168.1.115/bWAPP/login.php',
  u'wascid': u'15'},
 {u'alert': u'X-Frame-Options Header Not Set',
  u'attack': u'',
  u'confidence': u'Medium',
  u'cweid': u'16',
  u'description': u"X-Frame-Options header is not included in the HTTP response to protect against 'ClickJacking' attacks.",
  u'evidence': u'',
  u'id': u'3',
  u'messageId': u'1',
  u'name': u'X-Frame-Options Header Not Set',
  u'other': u'',
  u'param': u'X-Frame-Options',
  u'pluginId': u'10020',
  u'reference': u'http://blogs.msdn.com/b/ieinternals/archive/2010/03/30/combating-clickjacking-with-x-frame-options.aspx',
  u'risk': u'Medium',
  u'solution': u"Most modern Web browsers support the X-Frame-Options HTTP header. Ensure it's set on all web pages returned by your site (if you expect the page to be framed only by pages on your server (e.g. it's part of a FRAMESET) then you'll want to use SAMEORIGIN, otherwise if you never expect the page to be framed, you should use DENY. ALLOW-FROM allows specific websites to frame the web page in supported web browsers).",
  u'url': u'http://192.168.1.115/bWAPP/login.php',
  u'wascid': u'15'},
 {u'alert': u'Web Browser XSS Protection Not Enabled',
  u'attack': u'',
  u'confidence': u'Medium',
  u'cweid': u'933',
  u'description': u"Web Browser XSS Protection is not enabled, or is disabled by the configuration of the 'X-XSS-Protection' HTTP response header on the web server",
  u'evidence': u'',
  u'id': u'4',
  u'messageId': u'7',
  u'name': u'Web Browser XSS Protection Not Enabled',
  u'other': u"The X-XSS-Protection HTTP response header allows the web server to enable or disable the web browser's XSS protection mechanism. The following values would attempt to enable it: \nX-XSS-Protection: 1; mode=block\nX-XSS-Protection: 1; report=http://www.example.com/xss\nThe following values would disable it:\nX-XSS-Protection: 0\nThe X-XSS-Protection HTTP response header is currently supported on Internet Explorer, Chrome and Safari (WebKit).\nNote that this alert is only raised if the response body could potentially contain an XSS payload (with a text-based content type, with a non-zero length).",
  u'param': u'X-XSS-Protection',
  u'pluginId': u'10016',
  u'reference': u'https://www.owasp.org/index.php/XSS_(Cross_Site_Scripting)_Prevention_Cheat_Sheet\nhttps://blog.veracode.com/2014/03/guidelines-for-setting-security-headers/',
  u'risk': u'Low',
  u'solution': u"Ensure that the web browser's XSS filter is enabled, by setting the X-XSS-Protection HTTP response header to '1'.",
  u'url': u'http://192.168.1.115/robots.txt',
  u'wascid': u'14'},
 {u'alert': u'Private IP Disclosure',
  u'attack': u'',
  u'confidence': u'Medium',
  u'cweid': u'200',
  u'description': u'A private IP such as 10.x.x.x, 172.x.x.x, 192.168.x.x has been found in the HTTP response body. This information might be helpful for further attacks targeting internal systems.',
  u'evidence': u'192.168.1.115',
  u'id': u'5',
  u'messageId': u'7',
  u'name': u'Private IP Disclosure',
  u'other': u'192.168.1.115\n',
  u'param': u'',
  u'pluginId': u'2',
  u'reference': u'https://tools.ietf.org/html/rfc1918',
  u'risk': u'Low',
  u'solution': u'Remove the private IP address from the HTTP response body.  For comments, use JSP/ASP comment instead of HTML/JavaScript comment which can be seen by client browsers.',
  u'url': u'http://192.168.1.115/robots.txt',
  u'wascid': u'13'},
 {u'alert': u'Web Browser XSS Protection Not Enabled',
  u'attack': u'',
  u'confidence': u'Medium',
  u'cweid': u'933',
  u'description': u"Web Browser XSS Protection is not enabled, or is disabled by the configuration of the 'X-XSS-Protection' HTTP response header on the web server",
  u'evidence': u'',
  u'id': u'10',
  u'messageId': u'9',
  u'name': u'Web Browser XSS Protection Not Enabled',
  u'other': u"The X-XSS-Protection HTTP response header allows the web server to enable or disable the web browser's XSS protection mechanism. The following values would attempt to enable it: \nX-XSS-Protection: 1; mode=block\nX-XSS-Protection: 1; report=http://www.example.com/xss\nThe following values would disable it:\nX-XSS-Protection: 0\nThe X-XSS-Protection HTTP response header is currently supported on Internet Explorer, Chrome and Safari (WebKit).\nNote that this alert is only raised if the response body could potentially contain an XSS payload (with a text-based content type, with a non-zero length).",
  u'param': u'X-XSS-Protection',
  u'pluginId': u'10016',
  u'reference': u'https://www.owasp.org/index.php/XSS_(Cross_Site_Scripting)_Prevention_Cheat_Sheet\nhttps://blog.veracode.com/2014/03/guidelines-for-setting-security-headers/',
  u'risk': u'Low',
  u'solution': u"Ensure that the web browser's XSS filter is enabled, by setting the X-XSS-Protection HTTP response header to '1'.",
  u'url': u'http://192.168.1.115/sitemap.xml',
  u'wascid': u'14'},
 {u'alert': u'Private IP Disclosure',
  u'attack': u'',
  u'confidence': u'Medium',
  u'cweid': u'200',
  u'description': u'A private IP such as 10.x.x.x, 172.x.x.x, 192.168.x.x has been found in the HTTP response body. This information might be helpful for further attacks targeting internal systems.',
  u'evidence': u'192.168.1.115',
  u'id': u'11',
  u'messageId': u'9',
  u'name': u'Private IP Disclosure',
  u'other': u'192.168.1.115\n',
  u'param': u'',
  u'pluginId': u'2',
  u'reference': u'https://tools.ietf.org/html/rfc1918',
  u'risk': u'Low',
  u'solution': u'Remove the private IP address from the HTTP response body.  For comments, use JSP/ASP comment instead of HTML/JavaScript comment which can be seen by client browsers.',
  u'url': u'http://192.168.1.115/sitemap.xml',
  u'wascid': u'13'},
 {u'alert': u'Web Browser XSS Protection Not Enabled',
  u'attack': u'',
  u'confidence': u'Medium',
  u'cweid': u'933',
  u'description': u"Web Browser XSS Protection is not enabled, or is disabled by the configuration of the 'X-XSS-Protection' HTTP response header on the web server",
  u'evidence': u'',
  u'id': u'12',
  u'messageId': u'13',
  u'name': u'Web Browser XSS Protection Not Enabled',
  u'other': u"The X-XSS-Protection HTTP response header allows the web server to enable or disable the web browser's XSS protection mechanism. The following values would attempt to enable it: \nX-XSS-Protection: 1; mode=block\nX-XSS-Protection: 1; report=http://www.example.com/xss\nThe following values would disable it:\nX-XSS-Protection: 0\nThe X-XSS-Protection HTTP response header is currently supported on Internet Explorer, Chrome and Safari (WebKit).\nNote that this alert is only raised if the response body could potentially contain an XSS payload (with a text-based content type, with a non-zero length).",
  u'param': u'X-XSS-Protection',
  u'pluginId': u'10016',
  u'reference': u'https://www.owasp.org/index.php/XSS_(Cross_Site_Scripting)_Prevention_Cheat_Sheet\nhttps://blog.veracode.com/2014/03/guidelines-for-setting-security-headers/',
  u'risk': u'Low',
  u'solution': u"Ensure that the web browser's XSS filter is enabled, by setting the X-XSS-Protection HTTP response header to '1'.",
  u'url': u'http://192.168.1.115/bWAPP/user_new.php',
  u'wascid': u'14'},
 {u'alert': u'Password Autocomplete in Browser',
  u'attack': u'',
  u'confidence': u'Medium',
  u'cweid': u'525',
  u'description': u'The AUTOCOMPLETE attribute is not disabled on an HTML FORM/INPUT element containing password type input.  Passwords may be stored in browsers and retrieved.',
  u'evidence': u'<input type="password" id="password" name="password">',
  u'id': u'13',
  u'messageId': u'13',
  u'name': u'Password Autocomplete in Browser',
  u'other': u'',
  u'param': u'password',
  u'pluginId': u'10012',
  u'reference': u'http://www.w3schools.com/tags/att_input_autocomplete.asp\nhttps://msdn.microsoft.com/en-us/library/ms533486%28v=vs.85%29.aspx',
  u'risk': u'Low',
  u'solution': u"Turn off the AUTOCOMPLETE attribute in forms or individual input elements containing password inputs by using AUTOCOMPLETE='OFF'.",
  u'url': u'http://192.168.1.115/bWAPP/user_new.php',
  u'wascid': u'15'},
 {u'alert': u'Password Autocomplete in Browser',
  u'attack': u'',
  u'confidence': u'Medium',
  u'cweid': u'525',
  u'description': u'The AUTOCOMPLETE attribute is not disabled on an HTML FORM/INPUT element containing password type input.  Passwords may be stored in browsers and retrieved.',
  u'evidence': u'<input type="password" id="password_conf" name="password_conf">',
  u'id': u'14',
  u'messageId': u'13',
  u'name': u'Password Autocomplete in Browser',
  u'other': u'',
  u'param': u'password_conf',
  u'pluginId': u'10012',
  u'reference': u'http://www.w3schools.com/tags/att_input_autocomplete.asp\nhttps://msdn.microsoft.com/en-us/library/ms533486%28v=vs.85%29.aspx',
  u'risk': u'Low',
  u'solution': u"Turn off the AUTOCOMPLETE attribute in forms or individual input elements containing password inputs by using AUTOCOMPLETE='OFF'.",
  u'url': u'http://192.168.1.115/bWAPP/user_new.php',
  u'wascid': u'15'},
 {u'alert': u'X-Content-Type-Options Header Missing',
  u'attack': u'',
  u'confidence': u'Medium',
  u'cweid': u'16',
  u'description': u"The Anti-MIME-Sniffing header X-Content-Type-Options was not set to 'nosniff'. This allows older versions of Internet Explorer and Chrome to perform MIME-sniffing on the response body, potentially causing the response body to be interpreted and displayed as a content type other than the declared content type. Current (early 2014) and legacy versions of Firefox will use the declared content type (if one is set), rather than performing MIME-sniffing.",
  u'evidence': u'',
  u'id': u'15',
  u'messageId': u'13',
  u'name': u'X-Content-Type-Options Header Missing',
  u'other': u'This issue still applies to error type pages (401, 403, 500, etc) as those pages are often still affected by injection issues, in which case there is still concern for browsers sniffing pages away from their actual content type.\nAt "High" threshold this scanner will not alert on client or server error responses.',
  u'param': u'X-Content-Type-Options',
  u'pluginId': u'10021',
  u'reference': u'http://msdn.microsoft.com/en-us/library/ie/gg622941%28v=vs.85%29.aspx\nhttps://www.owasp.org/index.php/List_of_useful_HTTP_headers',
  u'risk': u'Low',
  u'solution': u"Ensure that the application/web server sets the Content-Type header appropriately, and that it sets the X-Content-Type-Options header to 'nosniff' for all web pages.\nIf possible, ensure that the end user uses a standards-compliant and modern web browser that does not perform MIME-sniffing at all, or that can be directed by the web application/web server to not perform MIME-sniffing.",
  u'url': u'http://192.168.1.115/bWAPP/user_new.php',
  u'wascid': u'15'},
 {u'alert': u'X-Frame-Options Header Not Set',
  u'attack': u'',
  u'confidence': u'Medium',
  u'cweid': u'16',
  u'description': u"X-Frame-Options header is not included in the HTTP response to protect against 'ClickJacking' attacks.",
  u'evidence': u'',
  u'id': u'16',
  u'messageId': u'13',
  u'name': u'X-Frame-Options Header Not Set',
  u'other': u'',
  u'param': u'X-Frame-Options',
  u'pluginId': u'10020',
  u'reference': u'http://blogs.msdn.com/b/ieinternals/archive/2010/03/30/combating-clickjacking-with-x-frame-options.aspx',
  u'risk': u'Medium',
  u'solution': u"Most modern Web browsers support the X-Frame-Options HTTP header. Ensure it's set on all web pages returned by your site (if you expect the page to be framed only by pages on your server (e.g. it's part of a FRAMESET) then you'll want to use SAMEORIGIN, otherwise if you never expect the page to be framed, you should use DENY. ALLOW-FROM allows specific websites to frame the web page in supported web browsers).",
  u'url': u'http://192.168.1.115/bWAPP/user_new.php',
  u'wascid': u'15'},
 {u'alert': u'Web Browser XSS Protection Not Enabled',
  u'attack': u'',
  u'confidence': u'Medium',
  u'cweid': u'933',
  u'description': u"Web Browser XSS Protection is not enabled, or is disabled by the configuration of the 'X-XSS-Protection' HTTP response header on the web server",
  u'evidence': u'',
  u'id': u'17',
  u'messageId': u'31',
  u'name': u'Web Browser XSS Protection Not Enabled',
  u'other': u"The X-XSS-Protection HTTP response header allows the web server to enable or disable the web browser's XSS protection mechanism. The following values would attempt to enable it: \nX-XSS-Protection: 1; mode=block\nX-XSS-Protection: 1; report=http://www.example.com/xss\nThe following values would disable it:\nX-XSS-Protection: 0\nThe X-XSS-Protection HTTP response header is currently supported on Internet Explorer, Chrome and Safari (WebKit).\nNote that this alert is only raised if the response body could potentially contain an XSS payload (with a text-based content type, with a non-zero length).",
  u'param': u'X-XSS-Protection',
  u'pluginId': u'10016',
  u'reference': u'https://www.owasp.org/index.php/XSS_(Cross_Site_Scripting)_Prevention_Cheat_Sheet\nhttps://blog.veracode.com/2014/03/guidelines-for-setting-security-headers/',
  u'risk': u'Low',
  u'solution': u"Ensure that the web browser's XSS filter is enabled, by setting the X-XSS-Protection HTTP response header to '1'.",
  u'url': u'http://192.168.1.115/bWAPP/training.php',
  u'wascid': u'14'},
 {u'alert': u'X-Content-Type-Options Header Missing',
  u'attack': u'',
  u'confidence': u'Medium',
  u'cweid': u'16',
  u'description': u"The Anti-MIME-Sniffing header X-Content-Type-Options was not set to 'nosniff'. This allows older versions of Internet Explorer and Chrome to perform MIME-sniffing on the response body, potentially causing the response body to be interpreted and displayed as a content type other than the declared content type. Current (early 2014) and legacy versions of Firefox will use the declared content type (if one is set), rather than performing MIME-sniffing.",
  u'evidence': u'',
  u'id': u'18',
  u'messageId': u'31',
  u'name': u'X-Content-Type-Options Header Missing',
  u'other': u'This issue still applies to error type pages (401, 403, 500, etc) as those pages are often still affected by injection issues, in which case there is still concern for browsers sniffing pages away from their actual content type.\nAt "High" threshold this scanner will not alert on client or server error responses.',
  u'param': u'X-Content-Type-Options',
  u'pluginId': u'10021',
  u'reference': u'http://msdn.microsoft.com/en-us/library/ie/gg622941%28v=vs.85%29.aspx\nhttps://www.owasp.org/index.php/List_of_useful_HTTP_headers',
  u'risk': u'Low',
  u'solution': u"Ensure that the application/web server sets the Content-Type header appropriately, and that it sets the X-Content-Type-Options header to 'nosniff' for all web pages.\nIf possible, ensure that the end user uses a standards-compliant and modern web browser that does not perform MIME-sniffing at all, or that can be directed by the web application/web server to not perform MIME-sniffing.",
  u'url': u'http://192.168.1.115/bWAPP/training.php',
  u'wascid': u'15'},
 {u'alert': u'X-Frame-Options Header Not Set',
  u'attack': u'',
  u'confidence': u'Medium',
  u'cweid': u'16',
  u'description': u"X-Frame-Options header is not included in the HTTP response to protect against 'ClickJacking' attacks.",
  u'evidence': u'',
  u'id': u'19',
  u'messageId': u'31',
  u'name': u'X-Frame-Options Header Not Set',
  u'other': u'',
  u'param': u'X-Frame-Options',
  u'pluginId': u'10020',
  u'reference': u'http://blogs.msdn.com/b/ieinternals/archive/2010/03/30/combating-clickjacking-with-x-frame-options.aspx',
  u'risk': u'Medium',
  u'solution': u"Most modern Web browsers support the X-Frame-Options HTTP header. Ensure it's set on all web pages returned by your site (if you expect the page to be framed only by pages on your server (e.g. it's part of a FRAMESET) then you'll want to use SAMEORIGIN, otherwise if you never expect the page to be framed, you should use DENY. ALLOW-FROM allows specific websites to frame the web page in supported web browsers).",
  u'url': u'http://192.168.1.115/bWAPP/training.php',
  u'wascid': u'15'},
 {u'alert': u'Web Browser XSS Protection Not Enabled',
  u'attack': u'',
  u'confidence': u'Medium',
  u'cweid': u'933',
  u'description': u"Web Browser XSS Protection is not enabled, or is disabled by the configuration of the 'X-XSS-Protection' HTTP response header on the web server",
  u'evidence': u'',
  u'id': u'20',
  u'messageId': u'32',
  u'name': u'Web Browser XSS Protection Not Enabled',
  u'other': u"The X-XSS-Protection HTTP response header allows the web server to enable or disable the web browser's XSS protection mechanism. The following values would attempt to enable it: \nX-XSS-Protection: 1; mode=block\nX-XSS-Protection: 1; report=http://www.example.com/xss\nThe following values would disable it:\nX-XSS-Protection: 0\nThe X-XSS-Protection HTTP response header is currently supported on Internet Explorer, Chrome and Safari (WebKit).\nNote that this alert is only raised if the response body could potentially contain an XSS payload (with a text-based content type, with a non-zero length).",
  u'param': u'X-XSS-Protection',
  u'pluginId': u'10016',
  u'reference': u'https://www.owasp.org/index.php/XSS_(Cross_Site_Scripting)_Prevention_Cheat_Sheet\nhttps://blog.veracode.com/2014/03/guidelines-for-setting-security-headers/',
  u'risk': u'Low',
  u'solution': u"Ensure that the web browser's XSS filter is enabled, by setting the X-XSS-Protection HTTP response header to '1'.",
  u'url': u'http://192.168.1.115/bWAPP/info.php',
  u'wascid': u'14'},
 {u'alert': u'X-Content-Type-Options Header Missing',
  u'attack': u'',
  u'confidence': u'Medium',
  u'cweid': u'16',
  u'description': u"The Anti-MIME-Sniffing header X-Content-Type-Options was not set to 'nosniff'. This allows older versions of Internet Explorer and Chrome to perform MIME-sniffing on the response body, potentially causing the response body to be interpreted and displayed as a content type other than the declared content type. Current (early 2014) and legacy versions of Firefox will use the declared content type (if one is set), rather than performing MIME-sniffing.",
  u'evidence': u'',
  u'id': u'21',
  u'messageId': u'32',
  u'name': u'X-Content-Type-Options Header Missing',
  u'other': u'This issue still applies to error type pages (401, 403, 500, etc) as those pages are often still affected by injection issues, in which case there is still concern for browsers sniffing pages away from their actual content type.\nAt "High" threshold this scanner will not alert on client or server error responses.',
  u'param': u'X-Content-Type-Options',
  u'pluginId': u'10021',
  u'reference': u'http://msdn.microsoft.com/en-us/library/ie/gg622941%28v=vs.85%29.aspx\nhttps://www.owasp.org/index.php/List_of_useful_HTTP_headers',
  u'risk': u'Low',
  u'solution': u"Ensure that the application/web server sets the Content-Type header appropriately, and that it sets the X-Content-Type-Options header to 'nosniff' for all web pages.\nIf possible, ensure that the end user uses a standards-compliant and modern web browser that does not perform MIME-sniffing at all, or that can be directed by the web application/web server to not perform MIME-sniffing.",
  u'url': u'http://192.168.1.115/bWAPP/info.php',
  u'wascid': u'15'},
 {u'alert': u'X-Frame-Options Header Not Set',
  u'attack': u'',
  u'confidence': u'Medium',
  u'cweid': u'16',
  u'description': u"X-Frame-Options header is not included in the HTTP response to protect against 'ClickJacking' attacks.",
  u'evidence': u'',
  u'id': u'22',
  u'messageId': u'32',
  u'name': u'X-Frame-Options Header Not Set',
  u'other': u'',
  u'param': u'X-Frame-Options',
  u'pluginId': u'10020',
  u'reference': u'http://blogs.msdn.com/b/ieinternals/archive/2010/03/30/combating-clickjacking-with-x-frame-options.aspx',
  u'risk': u'Medium',
  u'solution': u"Most modern Web browsers support the X-Frame-Options HTTP header. Ensure it's set on all web pages returned by your site (if you expect the page to be framed only by pages on your server (e.g. it's part of a FRAMESET) then you'll want to use SAMEORIGIN, otherwise if you never expect the page to be framed, you should use DENY. ALLOW-FROM allows specific websites to frame the web page in supported web browsers).",
  u'url': u'http://192.168.1.115/bWAPP/info.php',
  u'wascid': u'15'},
 {u'alert': u'X-Content-Type-Options Header Missing',
  u'attack': u'',
  u'confidence': u'Medium',
  u'cweid': u'16',
  u'description': u"The Anti-MIME-Sniffing header X-Content-Type-Options was not set to 'nosniff'. This allows older versions of Internet Explorer and Chrome to perform MIME-sniffing on the response body, potentially causing the response body to be interpreted and displayed as a content type other than the declared content type. Current (early 2014) and legacy versions of Firefox will use the declared content type (if one is set), rather than performing MIME-sniffing.",
  u'evidence': u'',
  u'id': u'23',
  u'messageId': u'33',
  u'name': u'X-Content-Type-Options Header Missing',
  u'other': u'This issue still applies to error type pages (401, 403, 500, etc) as those pages are often still affected by injection issues, in which case there is still concern for browsers sniffing pages away from their actual content type.\nAt "High" threshold this scanner will not alert on client or server error responses.',
  u'param': u'X-Content-Type-Options',
  u'pluginId': u'10021',
  u'reference': u'http://msdn.microsoft.com/en-us/library/ie/gg622941%28v=vs.85%29.aspx\nhttps://www.owasp.org/index.php/List_of_useful_HTTP_headers',
  u'risk': u'Low',
  u'solution': u"Ensure that the application/web server sets the Content-Type header appropriately, and that it sets the X-Content-Type-Options header to 'nosniff' for all web pages.\nIf possible, ensure that the end user uses a standards-compliant and modern web browser that does not perform MIME-sniffing at all, or that can be directed by the web application/web server to not perform MIME-sniffing.",
  u'url': u'http://192.168.1.115/bWAPP/stylesheets/stylesheet.css',
  u'wascid': u'15'},
 {u'alert': u'X-Content-Type-Options Header Missing',
  u'attack': u'',
  u'confidence': u'Medium',
  u'cweid': u'16',
  u'description': u"The Anti-MIME-Sniffing header X-Content-Type-Options was not set to 'nosniff'. This allows older versions of Internet Explorer and Chrome to perform MIME-sniffing on the response body, potentially causing the response body to be interpreted and displayed as a content type other than the declared content type. Current (early 2014) and legacy versions of Firefox will use the declared content type (if one is set), rather than performing MIME-sniffing.",
  u'evidence': u'',
  u'id': u'24',
  u'messageId': u'35',
  u'name': u'X-Content-Type-Options Header Missing',
  u'other': u'This issue still applies to error type pages (401, 403, 500, etc) as those pages are often still affected by injection issues, in which case there is still concern for browsers sniffing pages away from their actual content type.\nAt "High" threshold this scanner will not alert on client or server error responses.',
  u'param': u'X-Content-Type-Options',
  u'pluginId': u'10021',
  u'reference': u'http://msdn.microsoft.com/en-us/library/ie/gg622941%28v=vs.85%29.aspx\nhttps://www.owasp.org/index.php/List_of_useful_HTTP_headers',
  u'risk': u'Low',
  u'solution': u"Ensure that the application/web server sets the Content-Type header appropriately, and that it sets the X-Content-Type-Options header to 'nosniff' for all web pages.\nIf possible, ensure that the end user uses a standards-compliant and modern web browser that does not perform MIME-sniffing at all, or that can be directed by the web application/web server to not perform MIME-sniffing.",
  u'url': u'http://192.168.1.115/bWAPP/js/html5.js',
  u'wascid': u'15'}]
